{"timestamp":"2025-11-30T15:34:03.598582Z","level":"info","event":"DAG bundles loaded: dags-folder, example_dags","logger":"airflow.dag_processing.bundles.manager.DagBundlesManager","filename":"manager.py","lineno":179}
{"timestamp":"2025-11-30T15:34:03.603061Z","level":"info","event":"Filling up the DagBag from /opt/airflow/dags/ingest_weather.py","logger":"airflow.models.dagbag.DagBag","filename":"dagbag.py","lineno":593}
{"timestamp":"2025-11-30T15:34:10.958568Z","level":"info","event":"Pandas backend loaded 2.1.4","logger":"visions.backends","filename":"__init__.py","lineno":14}
{"timestamp":"2025-11-30T15:34:10.985234Z","level":"info","event":"Numpy backend loaded 1.26.4","logger":"visions.backends","filename":"__init__.py","lineno":25}
{"timestamp":"2025-11-30T15:34:10.997435Z","level":"info","event":"Pyspark backend NOT loaded","logger":"visions.backends","filename":"__init__.py","lineno":37}
{"timestamp":"2025-11-30T15:34:10.998357Z","level":"info","event":"Python backend loaded","logger":"visions.backends","filename":"__init__.py","lineno":43}
{"timestamp":"2025-11-30T15:34:21.090352Z","level":"error","event":"Server indicated the task shouldn't be running anymore. Terminating process","detail":{"detail":{"reason":"not_found","message":"Task Instance not found"}},"logger":"task"}
{"timestamp":"2025-11-30T15:34:21.204352Z","level":"error","event":"Task killed!","logger":"task"}
{"timestamp":"2025-11-30T15:35:00.806099Z","level":"info","event":"DAG bundles loaded: dags-folder, example_dags","logger":"airflow.dag_processing.bundles.manager.DagBundlesManager","filename":"manager.py","lineno":179}
{"timestamp":"2025-11-30T15:35:00.812718Z","level":"info","event":"Filling up the DagBag from /opt/airflow/dags/ingest_weather.py","logger":"airflow.models.dagbag.DagBag","filename":"dagbag.py","lineno":593}
{"timestamp":"2025-11-30T15:35:07.296974Z","level":"info","event":"Pandas backend loaded 2.1.4","logger":"visions.backends","filename":"__init__.py","lineno":14}
{"timestamp":"2025-11-30T15:35:07.329083Z","level":"info","event":"Numpy backend loaded 1.26.4","logger":"visions.backends","filename":"__init__.py","lineno":25}
{"timestamp":"2025-11-30T15:35:07.334303Z","level":"info","event":"Pyspark backend NOT loaded","logger":"visions.backends","filename":"__init__.py","lineno":37}
{"timestamp":"2025-11-30T15:35:07.335104Z","level":"info","event":"Python backend loaded","logger":"visions.backends","filename":"__init__.py","lineno":43}
{"timestamp":"2025-11-30T15:35:27.189575Z","level":"warning","event":"The `airflow.decorators.dag` attribute is deprecated. Please use `'airflow.sdk.dag'`.","category":"DeprecatedImportWarning","filename":"/opt/airflow/dags/ingest_weather.py","lineno":2,"logger":"py.warnings"}
{"timestamp":"2025-11-30T15:35:27.190430Z","level":"warning","event":"The `airflow.decorators.task` attribute is deprecated. Please use `'airflow.sdk.task'`.","category":"DeprecatedImportWarning","filename":"/opt/airflow/dags/ingest_weather.py","lineno":2,"logger":"py.warnings"}
{"timestamp":"2025-11-30T15:35:27.331880Z","level":"info","event":"Task instance is in running state","logger":"task.stdout"}
{"timestamp":"2025-11-30T15:35:27.334684Z","level":"info","event":" Previous state of the Task instance: TaskInstanceState.QUEUED","logger":"task.stdout"}
{"timestamp":"2025-11-30T15:35:27.345676Z","level":"info","event":"Current task name:extract_raw","logger":"task.stdout"}
{"timestamp":"2025-11-30T15:35:27.347620Z","level":"info","event":"Dag name:ingest_weather","logger":"task.stdout"}
{"timestamp":"2025-11-30T15:35:29.453198Z","level":"info","event":"✅ Extracted weather data to: /opt/airflow/data/raw/weather_20251130_153529.json","logger":"task.stdout"}
{"timestamp":"2025-11-30T15:35:29.524124Z","level":"info","event":"Done. Returned value was: /opt/airflow/data/raw/weather_20251130_153529.json","logger":"airflow.task.operators.airflow.providers.standard.decorators.python._PythonDecoratedOperator","filename":"python.py","lineno":215}
{"timestamp":"2025-11-30T15:35:29.525075Z","level":"info","event":"Pushing xcom","ti":"RuntimeTaskInstance(id=UUID('019ad567-25da-70fb-b8d4-7ed2cdfcb334'), task_id='extract_raw', dag_id='ingest_weather', run_id='scheduled__2025-11-30T15:00:00+00:00', try_number=1, dag_version_id=UUID('019ad52c-10d9-74a3-af6e-00587c006290'), map_index=-1, hostname='6c446e616ddb', context_carrier={}, task=<Task(_PythonDecoratedOperator): extract_raw>, bundle_instance=LocalDagBundle(name=dags-folder), max_tries=1, start_date=datetime.datetime(2025, 11, 30, 15, 34, 58, 760834, tzinfo=datetime.timezone.utc), end_date=None, state=<TaskInstanceState.RUNNING: 'running'>, is_mapped=False, rendered_map_index=None)","logger":"task","filename":"task_runner.py","lineno":1360}
{"timestamp":"2025-11-30T15:35:29.953622Z","level":"info","event":"Task instance in success state","logger":"task.stdout"}
{"timestamp":"2025-11-30T15:35:29.998098Z","level":"info","event":" Previous state of the Task instance: TaskInstanceState.RUNNING","logger":"task.stdout"}
{"timestamp":"2025-11-30T15:35:30.018724Z","level":"info","event":"Task operator:<Task(_PythonDecoratedOperator): extract_raw>","logger":"task.stdout"}
