{"timestamp":"2025-11-30T14:00:04.288237Z","level":"info","event":"DAG bundles loaded: dags-folder, example_dags","logger":"airflow.dag_processing.bundles.manager.DagBundlesManager","filename":"manager.py","lineno":179}
{"timestamp":"2025-11-30T14:00:04.295217Z","level":"info","event":"Filling up the DagBag from /opt/airflow/dags/ingest_weather.py","logger":"airflow.models.dagbag.DagBag","filename":"dagbag.py","lineno":593}
{"timestamp":"2025-11-30T14:00:08.880715Z","level":"info","event":"Pandas backend loaded 2.1.4","logger":"visions.backends","filename":"__init__.py","lineno":14}
{"timestamp":"2025-11-30T14:00:08.902333Z","level":"info","event":"Numpy backend loaded 1.26.4","logger":"visions.backends","filename":"__init__.py","lineno":25}
{"timestamp":"2025-11-30T14:00:08.916991Z","level":"info","event":"Pyspark backend NOT loaded","logger":"visions.backends","filename":"__init__.py","lineno":37}
{"timestamp":"2025-11-30T14:00:08.917853Z","level":"info","event":"Python backend loaded","logger":"visions.backends","filename":"__init__.py","lineno":43}
{"timestamp":"2025-11-30T14:00:24.925282Z","level":"warning","event":"The `airflow.decorators.dag` attribute is deprecated. Please use `'airflow.sdk.dag'`.","category":"DeprecatedImportWarning","filename":"/opt/airflow/dags/ingest_weather.py","lineno":2,"logger":"py.warnings"}
{"timestamp":"2025-11-30T14:00:24.925859Z","level":"warning","event":"The `airflow.decorators.task` attribute is deprecated. Please use `'airflow.sdk.task'`.","category":"DeprecatedImportWarning","filename":"/opt/airflow/dags/ingest_weather.py","lineno":2,"logger":"py.warnings"}
{"timestamp":"2025-11-30T14:00:25.044854Z","level":"info","event":"Task instance is in running state","logger":"task.stdout"}
{"timestamp":"2025-11-30T14:00:25.046010Z","level":"info","event":" Previous state of the Task instance: TaskInstanceState.QUEUED","logger":"task.stdout"}
{"timestamp":"2025-11-30T14:00:25.047373Z","level":"info","event":"Current task name:extract_raw","logger":"task.stdout"}
{"timestamp":"2025-11-30T14:00:25.048457Z","level":"info","event":"Dag name:ingest_weather","logger":"task.stdout"}
{"timestamp":"2025-11-30T14:00:26.564418Z","level":"info","event":"✅ Extracted weather data to: /opt/airflow/data/raw/weather_20251130_140026.json","logger":"task.stdout"}
{"timestamp":"2025-11-30T14:00:26.571144Z","level":"info","event":"Done. Returned value was: /opt/airflow/data/raw/weather_20251130_140026.json","logger":"airflow.task.operators.airflow.providers.standard.decorators.python._PythonDecoratedOperator","filename":"python.py","lineno":215}
{"timestamp":"2025-11-30T14:00:26.580982Z","level":"info","event":"Pushing xcom","ti":"RuntimeTaskInstance(id=UUID('019ad510-36f6-795f-b881-b2c9c3ae8fc2'), task_id='extract_raw', dag_id='ingest_weather', run_id='scheduled__2025-11-30T14:00:00+00:00', try_number=1, dag_version_id=UUID('019ad502-a268-7142-b639-74c9fcdad267'), map_index=-1, hostname='d7a35389a7df', context_carrier={}, task=<Task(_PythonDecoratedOperator): extract_raw>, bundle_instance=LocalDagBundle(name=dags-folder), max_tries=1, start_date=datetime.datetime(2025, 11, 30, 14, 0, 1, 733267, tzinfo=datetime.timezone.utc), end_date=None, state=<TaskInstanceState.RUNNING: 'running'>, is_mapped=False, rendered_map_index=None)","logger":"task","filename":"task_runner.py","lineno":1360}
{"timestamp":"2025-11-30T14:00:26.944454Z","level":"info","event":"Task instance in success state","logger":"task.stdout"}
{"timestamp":"2025-11-30T14:00:26.951993Z","level":"info","event":" Previous state of the Task instance: TaskInstanceState.RUNNING","logger":"task.stdout"}
{"timestamp":"2025-11-30T14:00:26.953316Z","level":"info","event":"Task operator:<Task(_PythonDecoratedOperator): extract_raw>","logger":"task.stdout"}
{"timestamp":"2025-11-30T15:34:06.437087Z","level":"info","event":"DAG bundles loaded: dags-folder, example_dags","logger":"airflow.dag_processing.bundles.manager.DagBundlesManager","filename":"manager.py","lineno":179}
{"timestamp":"2025-11-30T15:34:06.455366Z","level":"info","event":"Filling up the DagBag from /opt/airflow/dags/ingest_weather.py","logger":"airflow.models.dagbag.DagBag","filename":"dagbag.py","lineno":593}
{"timestamp":"2025-11-30T15:34:11.586254Z","level":"error","event":"Server indicated the task shouldn't be running anymore. Terminating process","detail":{"detail":{"reason":"not_found","message":"Task Instance not found"}},"logger":"task"}
{"timestamp":"2025-11-30T15:34:11.687987Z","level":"error","event":"Task killed!","logger":"task"}
