{"timestamp":"2025-11-30T13:00:00.965779Z","level":"info","event":"DAG bundles loaded: dags-folder, example_dags","logger":"airflow.dag_processing.bundles.manager.DagBundlesManager","filename":"manager.py","lineno":179}
{"timestamp":"2025-11-30T13:00:00.967926Z","level":"info","event":"Filling up the DagBag from /opt/airflow/dags/ingest_weather.py","logger":"airflow.models.dagbag.DagBag","filename":"dagbag.py","lineno":593}
{"timestamp":"2025-11-30T13:00:02.578639Z","level":"info","event":"Pandas backend loaded 2.1.4","logger":"visions.backends","filename":"__init__.py","lineno":14}
{"timestamp":"2025-11-30T13:00:02.585475Z","level":"info","event":"Numpy backend loaded 1.26.4","logger":"visions.backends","filename":"__init__.py","lineno":25}
{"timestamp":"2025-11-30T13:00:02.587752Z","level":"info","event":"Pyspark backend NOT loaded","logger":"visions.backends","filename":"__init__.py","lineno":37}
{"timestamp":"2025-11-30T13:00:02.588024Z","level":"info","event":"Python backend loaded","logger":"visions.backends","filename":"__init__.py","lineno":43}
{"timestamp":"2025-11-30T13:00:06.233554Z","level":"warning","event":"The `airflow.decorators.dag` attribute is deprecated. Please use `'airflow.sdk.dag'`.","category":"DeprecatedImportWarning","filename":"/opt/airflow/dags/ingest_weather.py","lineno":2,"logger":"py.warnings"}
{"timestamp":"2025-11-30T13:00:06.233801Z","level":"warning","event":"The `airflow.decorators.task` attribute is deprecated. Please use `'airflow.sdk.task'`.","category":"DeprecatedImportWarning","filename":"/opt/airflow/dags/ingest_weather.py","lineno":2,"logger":"py.warnings"}
{"timestamp":"2025-11-30T13:00:06.283049Z","level":"info","event":"Task instance is in running state","logger":"task.stdout"}
{"timestamp":"2025-11-30T13:00:06.283759Z","level":"info","event":" Previous state of the Task instance: TaskInstanceState.QUEUED","logger":"task.stdout"}
{"timestamp":"2025-11-30T13:00:06.284648Z","level":"info","event":"Current task name:extract_raw","logger":"task.stdout"}
{"timestamp":"2025-11-30T13:00:06.285239Z","level":"info","event":"Dag name:ingest_weather","logger":"task.stdout"}
{"timestamp":"2025-11-30T13:00:06.285939Z","level":"warning","event":"Using Variable.get from `airflow.models` is deprecated.Please use `get` on Variable from sdk(`airflow.sdk.Variable`) instead","category":"DeprecationWarning","filename":"/home/airflow/.local/lib/python3.12/site-packages/airflow/models/variable.py","lineno":151,"logger":"py.warnings"}
{"timestamp":"2025-11-30T13:00:07.100751Z","level":"error","event":"Task failed with exception","logger":"task","filename":"task_runner.py","lineno":1002,"error_detail":[{"exc_type":"HTTPError","exc_value":"401 Client Error: Unauthorized for url: https://api.openweathermap.org/data/2.5/onecall?lat=24.86&lon=67.01&appid=***&units=metric&exclude=minutely%2Calerts","exc_notes":[],"syntax_error":null,"is_cause":false,"frames":[{"filename":"/home/airflow/.local/lib/python3.12/site-packages/airflow/sdk/execution_time/task_runner.py","lineno":928,"name":"run"},{"filename":"/home/airflow/.local/lib/python3.12/site-packages/airflow/sdk/execution_time/task_runner.py","lineno":1315,"name":"_execute_task"},{"filename":"/home/airflow/.local/lib/python3.12/site-packages/airflow/sdk/bases/operator.py","lineno":416,"name":"wrapper"},{"filename":"/home/airflow/.local/lib/python3.12/site-packages/airflow/sdk/bases/decorator.py","lineno":252,"name":"execute"},{"filename":"/home/airflow/.local/lib/python3.12/site-packages/airflow/sdk/bases/operator.py","lineno":416,"name":"wrapper"},{"filename":"/home/airflow/.local/lib/python3.12/site-packages/airflow/providers/standard/operators/python.py","lineno":213,"name":"execute"},{"filename":"/home/airflow/.local/lib/python3.12/site-packages/airflow/providers/standard/operators/python.py","lineno":236,"name":"execute_callable"},{"filename":"/home/airflow/.local/lib/python3.12/site-packages/airflow/sdk/execution_time/callback_runner.py","lineno":82,"name":"run"},{"filename":"/opt/airflow/dags/ingest_weather.py","lineno":37,"name":"extract_raw"},{"filename":"/home/airflow/.local/lib/python3.12/site-packages/requests/models.py","lineno":1026,"name":"raise_for_status"}],"is_group":false,"exceptions":[]}]}
{"timestamp":"2025-11-30T13:00:07.130171Z","level":"info","event":"Task instance in failure state","logger":"task.stdout"}
{"timestamp":"2025-11-30T13:00:07.130960Z","level":"info","event":"Task start","logger":"task.stdout"}
{"timestamp":"2025-11-30T13:00:07.131507Z","level":"info","event":"Task:<Task(_PythonDecoratedOperator): extract_raw>","logger":"task.stdout"}
{"timestamp":"2025-11-30T13:00:07.132024Z","level":"info","event":"Failure caused by 401 Client Error: Unauthorized for url: https://api.openweathermap.org/data/2.5/onecall?lat=24.86&lon=67.01&appid=***&units=metric&exclude=minutely%2Calerts","logger":"task.stdout"}
{"timestamp":"2025-11-30T13:54:26.225956Z","level":"info","event":"DAG bundles loaded: dags-folder, example_dags","logger":"airflow.dag_processing.bundles.manager.DagBundlesManager","filename":"manager.py","lineno":179}
{"timestamp":"2025-11-30T13:54:26.228862Z","level":"info","event":"Filling up the DagBag from /opt/airflow/dags/ingest_weather.py","logger":"airflow.models.dagbag.DagBag","filename":"dagbag.py","lineno":593}
{"timestamp":"2025-11-30T13:54:29.320139Z","level":"info","event":"Pandas backend loaded 2.1.4","logger":"visions.backends","filename":"__init__.py","lineno":14}
{"timestamp":"2025-11-30T13:54:29.339133Z","level":"info","event":"Numpy backend loaded 1.26.4","logger":"visions.backends","filename":"__init__.py","lineno":25}
{"timestamp":"2025-11-30T13:54:29.343123Z","level":"info","event":"Pyspark backend NOT loaded","logger":"visions.backends","filename":"__init__.py","lineno":37}
{"timestamp":"2025-11-30T13:54:29.343856Z","level":"info","event":"Python backend loaded","logger":"visions.backends","filename":"__init__.py","lineno":43}
{"timestamp":"2025-11-30T13:54:38.556205Z","level":"warning","event":"The `airflow.decorators.dag` attribute is deprecated. Please use `'airflow.sdk.dag'`.","category":"DeprecatedImportWarning","filename":"/opt/airflow/dags/ingest_weather.py","lineno":2,"logger":"py.warnings"}
{"timestamp":"2025-11-30T13:54:38.556866Z","level":"warning","event":"The `airflow.decorators.task` attribute is deprecated. Please use `'airflow.sdk.task'`.","category":"DeprecatedImportWarning","filename":"/opt/airflow/dags/ingest_weather.py","lineno":2,"logger":"py.warnings"}
{"timestamp":"2025-11-30T13:54:38.612566Z","level":"info","event":"Task instance is in running state","logger":"task.stdout"}
{"timestamp":"2025-11-30T13:54:38.613506Z","level":"info","event":" Previous state of the Task instance: TaskInstanceState.QUEUED","logger":"task.stdout"}
{"timestamp":"2025-11-30T13:54:38.614617Z","level":"info","event":"Current task name:extract_raw","logger":"task.stdout"}
{"timestamp":"2025-11-30T13:54:38.615389Z","level":"info","event":"Dag name:ingest_weather","logger":"task.stdout"}
{"timestamp":"2025-11-30T13:54:39.453276Z","level":"info","event":"✅ Extracted weather data to: /opt/airflow/data/raw/weather_20251130_135439.json","logger":"task.stdout"}
{"timestamp":"2025-11-30T13:54:39.460325Z","level":"info","event":"Done. Returned value was: /opt/airflow/data/raw/weather_20251130_135439.json","logger":"airflow.task.operators.airflow.providers.standard.decorators.python._PythonDecoratedOperator","filename":"python.py","lineno":215}
{"timestamp":"2025-11-30T13:54:39.461289Z","level":"info","event":"Pushing xcom","ti":"RuntimeTaskInstance(id=UUID('019ad50b-1386-711b-843e-cc5e9ab276b9'), task_id='extract_raw', dag_id='ingest_weather', run_id='scheduled__2025-11-30T13:00:00+00:00', try_number=1, dag_version_id=UUID('019ad502-a268-7142-b639-74c9fcdad267'), map_index=-1, hostname='d7a35389a7df', context_carrier={}, task=<Task(_PythonDecoratedOperator): extract_raw>, bundle_instance=LocalDagBundle(name=dags-folder), max_tries=1, start_date=datetime.datetime(2025, 11, 30, 13, 54, 24, 523513, tzinfo=datetime.timezone.utc), end_date=None, state=<TaskInstanceState.RUNNING: 'running'>, is_mapped=False, rendered_map_index=None)","logger":"task","filename":"task_runner.py","lineno":1360}
{"timestamp":"2025-11-30T13:54:39.669892Z","level":"info","event":"Task instance in success state","logger":"task.stdout"}
{"timestamp":"2025-11-30T13:54:39.678736Z","level":"info","event":" Previous state of the Task instance: TaskInstanceState.RUNNING","logger":"task.stdout"}
{"timestamp":"2025-11-30T13:54:39.680452Z","level":"info","event":"Task operator:<Task(_PythonDecoratedOperator): extract_raw>","logger":"task.stdout"}
