{"timestamp":"2025-11-30T15:36:04.992341Z","level":"info","event":"DAG bundles loaded: dags-folder, example_dags","logger":"airflow.dag_processing.bundles.manager.DagBundlesManager","filename":"manager.py","lineno":179}
{"timestamp":"2025-11-30T15:36:05.007560Z","level":"info","event":"Filling up the DagBag from /opt/airflow/dags/ingest_weather.py","logger":"airflow.models.dagbag.DagBag","filename":"dagbag.py","lineno":593}
{"timestamp":"2025-11-30T15:36:10.538814Z","level":"info","event":"Pandas backend loaded 2.1.4","logger":"visions.backends","filename":"__init__.py","lineno":14}
{"timestamp":"2025-11-30T15:36:10.565871Z","level":"info","event":"Numpy backend loaded 1.26.4","logger":"visions.backends","filename":"__init__.py","lineno":25}
{"timestamp":"2025-11-30T15:36:10.581554Z","level":"info","event":"Pyspark backend NOT loaded","logger":"visions.backends","filename":"__init__.py","lineno":37}
{"timestamp":"2025-11-30T15:36:10.582397Z","level":"info","event":"Python backend loaded","logger":"visions.backends","filename":"__init__.py","lineno":43}
{"timestamp":"2025-11-30T15:36:21.938351Z","level":"warning","event":"The `airflow.decorators.dag` attribute is deprecated. Please use `'airflow.sdk.dag'`.","category":"DeprecatedImportWarning","filename":"/opt/airflow/dags/ingest_weather.py","lineno":2,"logger":"py.warnings"}
{"timestamp":"2025-11-30T15:36:21.938857Z","level":"warning","event":"The `airflow.decorators.task` attribute is deprecated. Please use `'airflow.sdk.task'`.","category":"DeprecatedImportWarning","filename":"/opt/airflow/dags/ingest_weather.py","lineno":2,"logger":"py.warnings"}
{"timestamp":"2025-11-30T15:36:22.025796Z","level":"info","event":"Task instance is in running state","logger":"task.stdout"}
{"timestamp":"2025-11-30T15:36:22.027116Z","level":"info","event":" Previous state of the Task instance: TaskInstanceState.QUEUED","logger":"task.stdout"}
{"timestamp":"2025-11-30T15:36:22.028530Z","level":"info","event":"Current task name:profile_and_log","logger":"task.stdout"}
{"timestamp":"2025-11-30T15:36:22.029590Z","level":"info","event":"Dag name:ingest_weather","logger":"task.stdout"}
{"timestamp":"2025-11-30T15:36:23.137551Z","level":"error","event":"\rSummarize dataset:   0%|          | 0/5 [00:00<?, ?it/s]\rSummarize dataset:   0%|          | 0/17 [00:00<?, ?it/s, Describe variable: dt]\rSummarize dataset:   0%|          | 0/17 [00:00<?, ?it/s, Describe variable: temp]\rSummarize dataset:   0%|          | 0/17 [00:00<?, ?it/s, Describe variable: humidity]\rSummarize dataset:   0%|          | 0/17 [00:00<?, ?it/s, Describe variable: wind_speed]\rSummarize dataset:   6%|â–Œ         | 1/17 [00:00<00:01, 15.21it/s, Describe variable: lag3]\rSummarize dataset:   6%|â–Œ         | 1/17 [00:00<00:01, 13.81it/s, Describe variable: lag3]\rSummarize dataset:   6%|â–Œ         | 1/17 [00:00<00:01, 12.92it/s, Describe variable: roll3]\rSummarize dataset:   6%|â–Œ         | 1/17 [00:00<00:01, 12.17it/s, Describe variable: roll3]\rSummarize dataset:  12%|â–ˆâ–        | 2/17 [00:00<00:00, 15.21it/s, Describe variable: hour] \rSummarize dataset:  12%|â–ˆâ–        | 2/17 [00:00<00:01, 13.72it/s, Describe variable: hour]","logger":"task.stderr"}
{"timestamp":"2025-11-30T15:36:23.235174Z","level":"error","event":"\r  0%|          | 0/12 [00:00<?, ?it/s]\u001b[A\rSummarize dataset:  18%|â–ˆâ–Š        | 3/17 [00:00<00:00, 16.96it/s, Describe variable: hour]\rSummarize dataset:  18%|â–ˆâ–Š        | 3/17 [00:00<00:00, 16.96it/s, Describe variable: day_of_week]\rSummarize dataset:  24%|â–ˆâ–ˆâ–Ž       | 4/17 [00:00<00:00, 16.96it/s, Describe variable: target_temp_4h]\r100%|â–ˆâ–ˆâ–ˆâ–ˆâ–ˆâ–ˆâ–ˆâ–ˆâ–ˆâ–ˆ| 12/12 [00:00<00:00, 128.09it/s]","logger":"task.stderr"}
{"timestamp":"2025-11-30T15:36:23.252578Z","level":"error","event":"\rSummarize dataset:  71%|â–ˆâ–ˆâ–ˆâ–ˆâ–ˆâ–ˆâ–ˆ   | 12/17 [00:00<00:00, 16.96it/s, Get variable types]              \rSummarize dataset:  72%|â–ˆâ–ˆâ–ˆâ–ˆâ–ˆâ–ˆâ–ˆâ–  | 13/18 [00:00<00:00, 16.96it/s, Get dataframe statistics]\rSummarize dataset:  78%|â–ˆâ–ˆâ–ˆâ–ˆâ–ˆâ–ˆâ–ˆâ–Š  | 14/18 [00:00<00:00, 16.96it/s, Get scatter matrix]      \rSummarize dataset:  78%|â–ˆâ–ˆâ–ˆâ–ˆâ–ˆâ–ˆâ–ˆâ–Š  | 14/18 [00:00<00:00, 16.96it/s, Take sample]       \rSummarize dataset:  83%|â–ˆâ–ˆâ–ˆâ–ˆâ–ˆâ–ˆâ–ˆâ–ˆâ–Ž | 15/18 [00:00<00:00, 16.96it/s, Detecting duplicates]\rSummarize dataset:  89%|â–ˆâ–ˆâ–ˆâ–ˆâ–ˆâ–ˆâ–ˆâ–ˆâ–‰ | 16/18 [00:00<00:00, 16.96it/s, Get alerts]          \rSummarize dataset:  94%|â–ˆâ–ˆâ–ˆâ–ˆâ–ˆâ–ˆâ–ˆâ–ˆâ–ˆâ–| 17/18 [00:00<00:00, 16.96it/s, Get reproduction details]\rSummarize dataset: 100%|â–ˆâ–ˆâ–ˆâ–ˆâ–ˆâ–ˆâ–ˆâ–ˆâ–ˆâ–ˆ| 18/18 [00:00<00:00, 16.96it/s, Completed]               \rSummarize dataset: 100%|â–ˆâ–ˆâ–ˆâ–ˆâ–ˆâ–ˆâ–ˆâ–ˆâ–ˆâ–ˆ| 18/18 [00:00<00:00, 66.64it/s, Completed]","logger":"task.stderr"}
{"timestamp":"2025-11-30T15:36:51.870163Z","level":"error","event":"\rGenerate report structure:   0%|          | 0/1 [00:00<?, ?it/s]\rGenerate report structure: 100%|â–ˆâ–ˆâ–ˆâ–ˆâ–ˆâ–ˆâ–ˆâ–ˆâ–ˆâ–ˆ| 1/1 [00:28<00:00, 28.62s/it]\rGenerate report structure: 100%|â–ˆâ–ˆâ–ˆâ–ˆâ–ˆâ–ˆâ–ˆâ–ˆâ–ˆâ–ˆ| 1/1 [00:28<00:00, 28.62s/it]","logger":"task.stderr"}
{"timestamp":"2025-11-30T15:36:52.763561Z","level":"error","event":"\rRender HTML:   0%|          | 0/1 [00:00<?, ?it/s]\rRender HTML: 100%|â–ˆâ–ˆâ–ˆâ–ˆâ–ˆâ–ˆâ–ˆâ–ˆâ–ˆâ–ˆ| 1/1 [00:00<00:00,  1.12it/s]\rRender HTML: 100%|â–ˆâ–ˆâ–ˆâ–ˆâ–ˆâ–ˆâ–ˆâ–ˆâ–ˆâ–ˆ| 1/1 [00:00<00:00,  1.12it/s]","logger":"task.stderr"}
{"timestamp":"2025-11-30T15:36:52.808281Z","level":"error","event":"\rExport report to file:   0%|          | 0/1 [00:00<?, ?it/s]\rExport report to file: 100%|â–ˆâ–ˆâ–ˆâ–ˆâ–ˆâ–ˆâ–ˆâ–ˆâ–ˆâ–ˆ| 1/1 [00:00<00:00, 22.78it/s]","logger":"task.stderr"}
{"timestamp":"2025-11-30T15:36:55.378253Z","level":"error","event":"2025/11/30 15:36:55 INFO mlflow.tracking.fluent: Experiment with name 'weather_ingestion' does not exist. Creating a new experiment.","logger":"task.stderr"}
{"timestamp":"2025-11-30T15:37:05.135868Z","level":"info","event":"ðŸƒ View run profile_20251130_1537 at: http://mlflow:5000/#/experiments/1/runs/63f0aed343d3486893dd239a90d33e6d","logger":"task.stdout"}
{"timestamp":"2025-11-30T15:37:05.142068Z","level":"info","event":"ðŸ§ª View experiment at: http://mlflow:5000/#/experiments/1","logger":"task.stdout"}
{"timestamp":"2025-11-30T15:37:05.298382Z","level":"info","event":"âœ… Profile report logged to MLflow: /opt/airflow/data/processed/weather_processed_20251130_153601_profile.html","logger":"task.stdout"}
{"timestamp":"2025-11-30T15:37:05.300927Z","level":"info","event":"Done. Returned value was: /opt/airflow/data/processed/weather_processed_20251130_153601_profile.html","logger":"airflow.task.operators.airflow.providers.standard.decorators.python._PythonDecoratedOperator","filename":"python.py","lineno":215}
{"timestamp":"2025-11-30T15:37:05.301872Z","level":"info","event":"Pushing xcom","ti":"RuntimeTaskInstance(id=UUID('019ad567-25dd-7af4-bdf5-62db047fa427'), task_id='profile_and_log', dag_id='ingest_weather', run_id='scheduled__2025-11-30T15:00:00+00:00', try_number=1, dag_version_id=UUID('019ad52c-10d9-74a3-af6e-00587c006290'), map_index=-1, hostname='6c446e616ddb', context_carrier={}, task=<Task(_PythonDecoratedOperator): profile_and_log>, bundle_instance=LocalDagBundle(name=dags-folder), max_tries=1, start_date=datetime.datetime(2025, 11, 30, 15, 36, 2, 363108, tzinfo=datetime.timezone.utc), end_date=None, state=<TaskInstanceState.RUNNING: 'running'>, is_mapped=False, rendered_map_index=None)","logger":"task","filename":"task_runner.py","lineno":1360}
{"timestamp":"2025-11-30T15:37:05.369894Z","level":"info","event":"Task instance in success state","logger":"task.stdout"}
{"timestamp":"2025-11-30T15:37:05.371004Z","level":"info","event":" Previous state of the Task instance: TaskInstanceState.RUNNING","logger":"task.stdout"}
{"timestamp":"2025-11-30T15:37:05.372250Z","level":"info","event":"Task operator:<Task(_PythonDecoratedOperator): profile_and_log>","logger":"task.stdout"}
